2026-03-22 10:03:22,814  
============================================================
  Sections 1+2: Cross-dataset & Multi-seed Evaluation
============================================================
2026-03-22 10:03:22,837    PaviaU seed=42 results loaded from existing CSVs.
2026-03-22 10:03:22,837  
============================================================
  Dataset: IndianPines
============================================================
2026-03-22 10:03:22,837  
--- IndianPines | seed=42 ---
2026-03-22 10:03:23,390    IndianPines | H=145 W=145 B=200 | classes=16 | train=1020 test=9229 | seed=42
2026-03-22 10:03:44,336    [In-QHSA-N-s42] ep   1/30  loss=2.3496  acc=29.4%  (17s)
2026-03-22 10:04:39,942    [In-QHSA-N-s42] ep   5/30  loss=1.3232  acc=51.8%  (73s)
2026-03-22 10:05:48,555    [In-QHSA-N-s42] ep  10/30  loss=0.8217  acc=69.8%  (141s)
2026-03-22 10:06:57,418    [In-QHSA-N-s42] ep  15/30  loss=0.3889  acc=87.4%  (210s)
2026-03-22 10:08:08,229    [In-QHSA-N-s42] ep  20/30  loss=0.2053  acc=94.0%  (281s)
2026-03-22 10:09:16,753    [In-QHSA-N-s42] ep  25/30  loss=0.1130  acc=97.7%  (349s)
2026-03-22 10:10:24,277    [In-QHSA-N-s42] ep  30/30  loss=0.0988  acc=98.0%  (417s)
2026-03-22 10:10:53,292    In-QHSA-N-s42: OA=89.75%  AA=80.86%  kappa=88.31  AUC=99.48%  train=6.9min
2026-03-22 10:11:16,817    [In-SSRN-s42] ep   1/30  loss=1.9405  acc=42.5%  (23s)
2026-03-22 10:12:42,897    [In-SSRN-s42] ep   5/30  loss=0.2553  acc=90.8%  (109s)
2026-03-22 10:14:27,839    [In-SSRN-s42] ep  10/30  loss=0.0673  acc=97.9%  (214s)
2026-03-22 10:16:18,198    [In-SSRN-s42] ep  15/30  loss=0.0116  acc=99.9%  (325s)
2026-03-22 10:18:08,283    [In-SSRN-s42] ep  20/30  loss=0.0039  acc=100.0%  (435s)
2026-03-22 10:19:54,553    [In-SSRN-s42] ep  25/30  loss=0.0037  acc=100.0%  (541s)
2026-03-22 10:21:44,521    [In-SSRN-s42] ep  30/30  loss=0.0032  acc=100.0%  (651s)
2026-03-22 10:22:55,636    In-SSRN-s42: OA=98.69%  AA=95.86%  kappa=98.51  AUC=99.98%  train=10.9min
2026-03-22 10:23:27,309    [In-DBDA-s42] ep   1/30  loss=2.5770  acc=29.0%  (32s)
2026-03-22 10:25:10,000    [In-DBDA-s42] ep   5/30  loss=1.7280  acc=37.8%  (134s)
2026-03-22 10:27:10,515    [In-DBDA-s42] ep  10/30  loss=1.5256  acc=44.5%  (255s)
2026-03-22 10:29:12,408    [In-DBDA-s42] ep  15/30  loss=1.3620  acc=49.5%  (377s)
2026-03-22 10:31:13,112    [In-DBDA-s42] ep  20/30  loss=1.2922  acc=52.6%  (497s)
2026-03-22 10:33:12,599    [In-DBDA-s42] ep  25/30  loss=1.2149  acc=52.8%  (617s)
2026-03-22 10:35:12,497    [In-DBDA-s42] ep  30/30  loss=1.2259  acc=55.3%  (737s)
2026-03-22 10:36:27,387    In-DBDA-s42: OA=55.48%  AA=34.09%  kappa=48.17  AUC=93.13%  train=12.3min
2026-03-22 10:36:38,563    [In-3D-CNN-s42] ep   1/30  loss=2.5763  acc=24.2%  (11s)
2026-03-22 10:37:20,760    [In-3D-CNN-s42] ep   5/30  loss=1.7398  acc=37.1%  (53s)
2026-03-22 10:38:14,212    [In-3D-CNN-s42] ep  10/30  loss=1.5525  acc=43.7%  (107s)
2026-03-22 10:39:07,778    [In-3D-CNN-s42] ep  15/30  loss=1.4735  acc=45.8%  (160s)
2026-03-22 10:40:01,157    [In-3D-CNN-s42] ep  20/30  loss=1.3494  acc=49.3%  (214s)
2026-03-22 10:40:53,870    [In-3D-CNN-s42] ep  25/30  loss=1.3419  acc=49.5%  (266s)
2026-03-22 10:41:46,159    [In-3D-CNN-s42] ep  30/30  loss=1.3183  acc=50.9%  (319s)
2026-03-22 10:42:09,840    In-3D-CNN-s42: OA=50.15%  AA=27.11%  kappa=40.93  AUC=92.89%  train=5.3min
2026-03-22 10:42:19,560    [In-Hybrid-s42] ep   1/30  loss=2.5428  acc=19.9%  (10s)
2026-03-22 10:42:59,169    [In-Hybrid-s42] ep   5/30  loss=2.2675  acc=24.1%  (49s)
2026-03-22 10:43:49,574    [In-Hybrid-s42] ep  10/30  loss=1.7666  acc=33.6%  (100s)
2026-03-22 10:44:35,285    [In-Hybrid-s42] ep  15/30  loss=1.6997  acc=38.4%  (145s)
2026-03-22 10:45:20,534    [In-Hybrid-s42] ep  20/30  loss=1.5880  acc=42.5%  (191s)
2026-03-22 10:46:05,620    [In-Hybrid-s42] ep  25/30  loss=1.5592  acc=43.1%  (236s)
2026-03-22 10:46:50,357    [In-Hybrid-s42] ep  30/30  loss=1.5425  acc=44.0%  (281s)
2026-03-22 10:47:11,079    In-Hybrid-s42: OA=44.26%  AA=22.34%  kappa=31.97  AUC=86.26%  train=4.7min
2026-03-22 10:47:13,230    In-SVM-s42: OA=79.84%  AA=74.52%  kappa=76.99  train=0.3s
2026-03-22 10:47:13,232  
--- IndianPines | seed=7 ---
2026-03-22 10:47:14,002    IndianPines | H=145 W=145 B=200 | classes=16 | train=1020 test=9229 | seed=7
2026-03-22 10:47:26,397    [In-QHSA-N-s7] ep   1/30  loss=2.4434  acc=24.8%  (12s)
2026-03-22 10:48:14,601    [In-QHSA-N-s7] ep   5/30  loss=1.4366  acc=50.0%  (60s)
2026-03-22 10:49:14,936    [In-QHSA-N-s7] ep  10/30  loss=0.8168  acc=70.7%  (121s)
2026-03-22 10:50:15,448    [In-QHSA-N-s7] ep  15/30  loss=0.3247  acc=89.8%  (181s)
2026-03-22 10:51:15,010    [In-QHSA-N-s7] ep  20/30  loss=0.1493  acc=96.3%  (241s)
2026-03-22 10:52:15,524    [In-QHSA-N-s7] ep  25/30  loss=0.0864  acc=98.4%  (301s)
2026-03-22 10:53:15,422    [In-QHSA-N-s7] ep  30/30  loss=0.0814  acc=98.8%  (361s)
2026-03-22 10:53:39,891    In-QHSA-N-s7: OA=88.76%  AA=79.40%  kappa=87.17  AUC=99.41%  train=6.0min
2026-03-22 10:54:00,045    [In-SSRN-s7] ep   1/30  loss=1.9308  acc=43.8%  (20s)
2026-03-22 10:55:20,037    [In-SSRN-s7] ep   5/30  loss=0.2429  acc=92.3%  (100s)
2026-03-22 10:56:57,916    [In-SSRN-s7] ep  10/30  loss=0.1106  acc=96.4%  (198s)
2026-03-22 10:58:36,741    [In-SSRN-s7] ep  15/30  loss=0.0248  acc=99.5%  (297s)
2026-03-22 11:00:15,094    [In-SSRN-s7] ep  20/30  loss=0.0079  acc=100.0%  (395s)
2026-03-22 11:01:54,094    [In-SSRN-s7] ep  25/30  loss=0.0074  acc=100.0%  (494s)
2026-03-22 11:03:35,691    [In-SSRN-s7] ep  30/30  loss=0.0050  acc=100.0%  (596s)
2026-03-22 11:04:38,209    In-SSRN-s7: OA=99.08%  AA=97.89%  kappa=98.95  AUC=99.99%  train=9.9min
2026-03-22 11:04:48,380    [In-3D-CNN-s7] ep   1/30  loss=2.5836  acc=27.3%  (10s)
2026-03-22 11:05:28,655    [In-3D-CNN-s7] ep   5/30  loss=1.7119  acc=40.1%  (50s)
2026-03-22 11:06:17,705    [In-3D-CNN-s7] ep  10/30  loss=1.5153  acc=46.1%  (99s)
2026-03-22 11:07:08,707    [In-3D-CNN-s7] ep  15/30  loss=1.4103  acc=48.6%  (150s)
2026-03-22 11:07:57,437    [In-3D-CNN-s7] ep  20/30  loss=1.3230  acc=50.8%  (199s)
2026-03-22 11:08:45,091    [In-3D-CNN-s7] ep  25/30  loss=1.3099  acc=50.1%  (247s)
2026-03-22 11:09:34,083    [In-3D-CNN-s7] ep  30/30  loss=1.2775  acc=53.0%  (296s)
2026-03-22 11:09:57,850    In-3D-CNN-s7: OA=51.05%  AA=26.96%  kappa=40.90  AUC=92.74%  train=4.9min
2026-03-22 11:09:57,852  
--- IndianPines | seed=21 ---
2026-03-22 11:09:58,550    IndianPines | H=145 W=145 B=200 | classes=16 | train=1020 test=9229 | seed=21
2026-03-22 11:10:11,478    [In-QHSA-N-s21] ep   1/30  loss=2.4592  acc=28.6%  (13s)
2026-03-22 11:10:58,920    [In-QHSA-N-s21] ep   5/30  loss=1.3911  acc=50.4%  (60s)
2026-03-22 11:11:58,348    [In-QHSA-N-s21] ep  10/30  loss=0.7569  acc=72.9%  (119s)
2026-03-22 11:12:59,752    [In-QHSA-N-s21] ep  15/30  loss=0.3782  acc=87.1%  (181s)
2026-03-22 11:13:59,654    [In-QHSA-N-s21] ep  20/30  loss=0.1536  acc=97.0%  (241s)
2026-03-22 11:15:00,780    [In-QHSA-N-s21] ep  25/30  loss=0.0812  acc=99.2%  (302s)
2026-03-22 11:16:02,002    [In-QHSA-N-s21] ep  30/30  loss=0.0694  acc=99.5%  (363s)
2026-03-22 11:16:27,661    In-QHSA-N-s21: OA=90.03%  AA=81.69%  kappa=88.63  AUC=99.50%  train=6.1min
2026-03-22 11:16:48,067    [In-SSRN-s21] ep   1/30  loss=2.3182  acc=37.7%  (20s)
2026-03-22 11:18:08,361    [In-SSRN-s21] ep   5/30  loss=0.3799  acc=88.2%  (101s)
2026-03-22 11:19:47,164    [In-SSRN-s21] ep  10/30  loss=0.1565  acc=95.2%  (199s)
2026-03-22 11:21:27,819    [In-SSRN-s21] ep  15/30  loss=0.0342  acc=99.0%  (300s)
2026-03-22 11:23:15,401    [In-SSRN-s21] ep  20/30  loss=0.0102  acc=100.0%  (408s)
2026-03-22 11:25:09,900    [In-SSRN-s21] ep  25/30  loss=0.0076  acc=100.0%  (522s)
2026-03-22 11:27:05,562    [In-SSRN-s21] ep  30/30  loss=0.0086  acc=100.0%  (638s)
2026-03-22 11:28:16,649    In-SSRN-s21: OA=98.40%  AA=97.68%  kappa=98.17  AUC=99.99%  train=10.6min
2026-03-22 11:28:28,521    [In-3D-CNN-s21] ep   1/30  loss=2.5870  acc=27.5%  (12s)
2026-03-22 11:29:14,622    [In-3D-CNN-s21] ep   5/30  loss=1.7305  acc=39.9%  (58s)
2026-03-22 11:30:11,894    [In-3D-CNN-s21] ep  10/30  loss=1.5367  acc=44.8%  (115s)
2026-03-22 11:31:08,683    [In-3D-CNN-s21] ep  15/30  loss=1.4228  acc=48.7%  (172s)
2026-03-22 11:32:05,200    [In-3D-CNN-s21] ep  20/30  loss=1.3266  acc=51.1%  (229s)
2026-03-22 11:33:01,330    [In-3D-CNN-s21] ep  25/30  loss=1.3280  acc=51.5%  (285s)
2026-03-22 11:33:57,461    [In-3D-CNN-s21] ep  30/30  loss=1.2924  acc=52.2%  (341s)
2026-03-22 11:34:26,031    In-3D-CNN-s21: OA=51.81%  AA=26.93%  kappa=42.24  AUC=92.42%  train=5.7min
2026-03-22 11:34:26,035  
============================================================
  Dataset: Salinas
============================================================
2026-03-22 11:34:26,035  
--- Salinas | seed=42 ---
2026-03-22 11:34:33,002    Salinas | H=512 W=217 B=204 | classes=16 | train=5403 test=48726 | seed=42
2026-03-22 11:35:48,787    [Sa-QHSA-N-s42] ep   1/30  loss=1.3285  acc=53.7%  (75s)
2026-03-22 11:40:55,701    [Sa-QHSA-N-s42] ep   5/30  loss=0.2345  acc=90.5%  (382s)
2026-03-22 11:46:48,443    [Sa-QHSA-N-s42] ep  10/30  loss=0.1456  acc=94.2%  (735s)
2026-03-22 11:52:36,587    [Sa-QHSA-N-s42] ep  15/30  loss=0.1010  acc=96.0%  (1083s)
2026-03-22 11:58:21,248    [Sa-QHSA-N-s42] ep  20/30  loss=0.0616  acc=97.7%  (1428s)
2026-03-22 12:04:40,655    [Sa-QHSA-N-s42] ep  25/30  loss=0.0508  acc=98.2%  (1807s)
2026-03-22 12:10:46,128    [Sa-QHSA-N-s42] ep  30/30  loss=0.0417  acc=98.5%  (2172s)
2026-03-22 12:13:31,880    Sa-QHSA-N-s42: OA=97.74%  AA=98.89%  kappa=97.48  AUC=99.97%  train=36.2min
2026-03-22 12:15:43,599    [Sa-SSRN-s42] ep   1/30  loss=0.7456  acc=72.4%  (132s)
2026-03-22 12:23:49,832    [Sa-SSRN-s42] ep   5/30  loss=0.1675  acc=93.7%  (618s)
2026-03-22 12:33:29,527    [Sa-SSRN-s42] ep  10/30  loss=0.0763  acc=97.5%  (1198s)
2026-03-22 12:42:56,317    [Sa-SSRN-s42] ep  15/30  loss=0.0458  acc=98.4%  (1764s)
2026-03-22 12:52:21,055    [Sa-SSRN-s42] ep  20/30  loss=0.0269  acc=98.9%  (2329s)
2026-03-22 13:01:47,627    [Sa-SSRN-s42] ep  25/30  loss=0.0094  acc=99.8%  (2896s)
2026-03-22 13:11:16,988    [Sa-SSRN-s42] ep  30/30  loss=0.0083  acc=99.7%  (3465s)
2026-03-22 13:17:21,491    Sa-SSRN-s42: OA=99.96%  AA=99.98%  kappa=99.95  AUC=100.00%  train=57.8min
2026-03-22 13:19:43,786    [Sa-DBDA-s42] ep   1/30  loss=1.8754  acc=42.9%  (142s)
2026-03-22 13:29:14,862    [Sa-DBDA-s42] ep   5/30  loss=0.6622  acc=70.0%  (713s)
2026-03-22 13:40:55,823    [Sa-DBDA-s42] ep  10/30  loss=0.5520  acc=75.6%  (1414s)
2026-03-22 13:52:15,373    [Sa-DBDA-s42] ep  15/30  loss=0.4584  acc=79.2%  (2094s)
2026-03-22 14:03:13,609    [Sa-DBDA-s42] ep  20/30  loss=0.4066  acc=81.4%  (2752s)
2026-03-22 14:14:14,841    [Sa-DBDA-s42] ep  25/30  loss=0.4032  acc=82.6%  (3413s)
2026-03-22 14:25:31,546    [Sa-DBDA-s42] ep  30/30  loss=0.3897  acc=83.4%  (4090s)
2026-03-22 14:32:44,375    Sa-DBDA-s42: OA=87.95%  AA=87.54%  kappa=86.52  AUC=99.54%  train=68.2min
2026-03-22 14:33:49,822    [Sa-3D-CNN-s42] ep   1/30  loss=1.9937  acc=38.0%  (65s)
2026-03-22 14:37:53,212    [Sa-3D-CNN-s42] ep   5/30  loss=0.7125  acc=68.5%  (309s)
2026-03-22 14:42:54,951    [Sa-3D-CNN-s42] ep  10/30  loss=0.5748  acc=74.5%  (610s)
2026-03-22 14:47:56,158    [Sa-3D-CNN-s42] ep  15/30  loss=0.5040  acc=77.8%  (912s)
2026-03-22 14:52:56,902    [Sa-3D-CNN-s42] ep  20/30  loss=0.4547  acc=80.4%  (1212s)
2026-03-22 14:57:58,360    [Sa-3D-CNN-s42] ep  25/30  loss=0.4433  acc=80.5%  (1514s)
2026-03-22 15:02:58,512    [Sa-3D-CNN-s42] ep  30/30  loss=0.4250  acc=81.4%  (1814s)
2026-03-22 15:05:36,456    Sa-3D-CNN-s42: OA=86.63%  AA=85.94%  kappa=85.05  AUC=99.33%  train=30.2min
2026-03-22 15:06:35,251    [Sa-Hybrid-s42] ep   1/30  loss=2.5715  acc=19.4%  (59s)
2026-03-22 15:10:17,005    [Sa-Hybrid-s42] ep   5/30  loss=1.0485  acc=57.4%  (280s)
2026-03-22 15:14:44,454    [Sa-Hybrid-s42] ep  10/30  loss=0.6624  acc=71.4%  (548s)
2026-03-22 15:19:10,924    [Sa-Hybrid-s42] ep  15/30  loss=0.5221  acc=76.9%  (814s)
2026-03-22 15:23:34,674    [Sa-Hybrid-s42] ep  20/30  loss=0.3503  acc=84.9%  (1078s)
2026-03-22 15:27:58,096    [Sa-Hybrid-s42] ep  25/30  loss=0.2951  acc=88.0%  (1342s)
2026-03-22 15:32:21,068    [Sa-Hybrid-s42] ep  30/30  loss=0.2715  acc=89.3%  (1605s)
2026-03-22 15:34:34,686    Sa-Hybrid-s42: OA=89.55%  AA=91.50%  kappa=88.35  AUC=99.51%  train=26.7min
2026-03-22 15:34:57,760    Sa-SVM-s42: OA=93.19%  AA=96.66%  kappa=92.40  train=1.6s
2026-03-22 15:34:57,761  
--- Salinas | seed=7 ---
2026-03-22 15:35:02,154    Salinas | H=512 W=217 B=204 | classes=16 | train=5403 test=48726 | seed=7
2026-03-22 15:36:18,689    [Sa-QHSA-N-s7] ep   1/30  loss=1.3969  acc=51.8%  (76s)
2026-03-22 15:41:10,618    [Sa-QHSA-N-s7] ep   5/30  loss=0.2585  acc=88.9%  (368s)
2026-03-22 15:46:59,596    [Sa-QHSA-N-s7] ep  10/30  loss=0.1424  acc=94.0%  (717s)
2026-03-22 15:52:48,980    [Sa-QHSA-N-s7] ep  15/30  loss=0.0922  acc=96.6%  (1066s)
2026-03-22 15:58:34,053    [Sa-QHSA-N-s7] ep  20/30  loss=0.0686  acc=97.2%  (1411s)
2026-03-22 16:04:19,039    [Sa-QHSA-N-s7] ep  25/30  loss=0.0458  acc=98.3%  (1756s)
2026-03-22 16:10:01,735    [Sa-QHSA-N-s7] ep  30/30  loss=0.0356  acc=98.8%  (2099s)
2026-03-22 16:12:36,800    Sa-QHSA-N-s7: OA=97.77%  AA=98.95%  kappa=97.51  AUC=99.96%  train=35.0min
2026-03-22 16:14:29,201    [Sa-SSRN-s7] ep   1/30  loss=0.6991  acc=73.3%  (112s)
2026-03-22 16:22:37,281    [Sa-SSRN-s7] ep   5/30  loss=0.1629  acc=94.2%  (600s)
2026-03-22 16:32:41,401    [Sa-SSRN-s7] ep  10/30  loss=0.0644  acc=97.4%  (1205s)
2026-03-22 16:42:43,966    [Sa-SSRN-s7] ep  15/30  loss=0.0346  acc=98.6%  (1807s)
2026-03-22 16:52:49,000    [Sa-SSRN-s7] ep  20/30  loss=0.0147  acc=99.5%  (2412s)
2026-03-22 17:03:15,862    [Sa-SSRN-s7] ep  25/30  loss=0.0067  acc=99.8%  (3039s)
2026-03-22 17:13:13,294    [Sa-SSRN-s7] ep  30/30  loss=0.0045  acc=99.9%  (3636s)
2026-03-22 17:19:45,348    Sa-SSRN-s7: OA=99.98%  AA=99.99%  kappa=99.97  AUC=100.00%  train=60.6min
2026-03-22 17:20:47,803    [Sa-3D-CNN-s7] ep   1/30  loss=1.9770  acc=37.7%  (62s)
2026-03-22 17:24:45,115    [Sa-3D-CNN-s7] ep   5/30  loss=0.6852  acc=70.9%  (300s)
2026-03-22 17:29:34,725    [Sa-3D-CNN-s7] ep  10/30  loss=0.5365  acc=76.7%  (589s)
2026-03-22 17:34:21,098    [Sa-3D-CNN-s7] ep  15/30  loss=0.4568  acc=81.1%  (876s)
2026-03-22 17:39:06,484    [Sa-3D-CNN-s7] ep  20/30  loss=0.4147  acc=82.7%  (1161s)
2026-03-22 17:43:51,715    [Sa-3D-CNN-s7] ep  25/30  loss=0.3793  acc=84.1%  (1446s)
2026-03-22 17:49:00,720    [Sa-3D-CNN-s7] ep  30/30  loss=0.3674  acc=85.1%  (1755s)
2026-03-22 17:51:43,456    Sa-3D-CNN-s7: OA=87.28%  AA=87.93%  kappa=85.74  AUC=99.42%  train=29.3min
2026-03-22 17:51:43,470  
--- Salinas | seed=21 ---
2026-03-22 17:51:49,684    Salinas | H=512 W=217 B=204 | classes=16 | train=5403 test=48726 | seed=21
2026-03-22 17:53:08,647    [Sa-QHSA-N-s21] ep   1/30  loss=1.3637  acc=50.9%  (78s)
2026-03-22 17:58:10,773    [Sa-QHSA-N-s21] ep   5/30  loss=0.2754  acc=88.7%  (380s)
2026-03-22 18:04:17,197    [Sa-QHSA-N-s21] ep  10/30  loss=0.1576  acc=94.0%  (747s)
2026-03-22 18:10:40,048    [Sa-QHSA-N-s21] ep  15/30  loss=0.0962  acc=96.4%  (1130s)
2026-03-22 18:17:06,575    [Sa-QHSA-N-s21] ep  20/30  loss=0.0758  acc=97.3%  (1516s)
2026-03-22 18:23:30,831    [Sa-QHSA-N-s21] ep  25/30  loss=0.0549  acc=98.0%  (1900s)
2026-03-22 18:29:49,915    [Sa-QHSA-N-s21] ep  30/30  loss=0.0514  acc=98.1%  (2280s)
2026-03-22 18:32:38,189    Sa-QHSA-N-s21: OA=97.58%  AA=98.91%  kappa=97.31  AUC=99.95%  train=38.0min
2026-03-22 18:34:35,165    [Sa-SSRN-s21] ep   1/30  loss=0.7199  acc=73.9%  (117s)
2026-03-22 18:42:10,249    [Sa-SSRN-s21] ep   5/30  loss=0.1147  acc=95.6%  (572s)
2026-03-22 18:51:56,239    [Sa-SSRN-s21] ep  10/30  loss=0.0903  acc=96.8%  (1158s)
2026-03-22 19:02:28,899    [Sa-SSRN-s21] ep  15/30  loss=0.0305  acc=98.7%  (1791s)
2026-03-22 19:13:09,639    [Sa-SSRN-s21] ep  20/30  loss=0.0207  acc=99.2%  (2431s)
2026-03-22 19:22:43,438    [Sa-SSRN-s21] ep  25/30  loss=0.0087  acc=99.8%  (3005s)
2026-03-22 19:32:09,708    [Sa-SSRN-s21] ep  30/30  loss=0.0072  acc=99.7%  (3571s)
2026-03-22 19:38:14,101    Sa-SSRN-s21: OA=99.91%  AA=99.89%  kappa=99.90  AUC=100.00%  train=59.5min
2026-03-22 19:39:14,239    [Sa-3D-CNN-s21] ep   1/30  loss=1.9805  acc=37.2%  (60s)
2026-03-22 19:43:08,939    [Sa-3D-CNN-s21] ep   5/30  loss=0.6766  acc=71.4%  (295s)
2026-03-22 19:48:13,365    [Sa-3D-CNN-s21] ep  10/30  loss=0.5420  acc=76.6%  (599s)
2026-03-22 19:53:06,252    [Sa-3D-CNN-s21] ep  15/30  loss=0.4629  acc=79.7%  (892s)
2026-03-22 19:57:58,201    [Sa-3D-CNN-s21] ep  20/30  loss=0.4296  acc=81.7%  (1184s)
2026-03-22 20:02:50,899    [Sa-3D-CNN-s21] ep  25/30  loss=0.3775  acc=84.5%  (1477s)
2026-03-22 20:07:45,471    [Sa-3D-CNN-s21] ep  30/30  loss=0.3694  acc=85.6%  (1771s)
2026-03-22 20:10:12,808    Sa-3D-CNN-s21: OA=89.81%  AA=91.42%  kappa=88.63  AUC=99.51%  train=29.5min
2026-03-22 20:10:12,814  
============================================================
  PaviaU — extra seeds [7, 21] for key models
============================================================
2026-03-22 20:10:12,815  
--- PaviaU | seed=7 ---
2026-03-22 20:10:15,883    PaviaU | H=610 W=340 B=103 | classes=9 | train=4273 test=38503 | seed=7
2026-03-22 20:10:47,114    [PU-QHSA-N-s7] ep   1/30  loss=1.1376  acc=61.5%  (31s)
2026-03-22 20:12:43,659    [PU-QHSA-N-s7] ep   5/30  loss=0.2043  acc=92.3%  (147s)
2026-03-22 20:15:08,920    [PU-QHSA-N-s7] ep  10/30  loss=0.0817  acc=97.1%  (292s)
2026-03-22 20:17:33,579    [PU-QHSA-N-s7] ep  15/30  loss=0.0231  acc=99.3%  (437s)
2026-03-22 20:19:58,756    [PU-QHSA-N-s7] ep  20/30  loss=0.0046  acc=99.8%  (582s)
2026-03-22 20:22:23,777    [PU-QHSA-N-s7] ep  25/30  loss=0.0022  acc=100.0%  (727s)
2026-03-22 20:24:48,528    [PU-QHSA-N-s7] ep  30/30  loss=0.0017  acc=100.0%  (872s)
2026-03-22 20:25:46,705    PU-QHSA-N-s7: OA=98.90%  AA=98.19%  kappa=98.54  AUC=99.97%  train=14.5min
2026-03-22 20:26:34,571    [PU-SSRN-s7] ep   1/30  loss=0.5838  acc=79.1%  (48s)
2026-03-22 20:29:44,883    [PU-SSRN-s7] ep   5/30  loss=0.0756  acc=97.2%  (238s)
2026-03-22 20:33:43,715    [PU-SSRN-s7] ep  10/30  loss=0.0385  acc=98.7%  (477s)
2026-03-22 20:37:42,463    [PU-SSRN-s7] ep  15/30  loss=0.0084  acc=99.8%  (716s)
2026-03-22 20:41:40,786    [PU-SSRN-s7] ep  20/30  loss=0.0013  acc=100.0%  (954s)
2026-03-22 20:45:39,982    [PU-SSRN-s7] ep  25/30  loss=0.0013  acc=100.0%  (1193s)
2026-03-22 20:49:47,582    [PU-SSRN-s7] ep  30/30  loss=0.0013  acc=100.0%  (1441s)
2026-03-22 20:52:16,872    PU-SSRN-s7: OA=99.91%  AA=99.81%  kappa=99.88  AUC=100.00%  train=24.0min
2026-03-22 20:52:41,735    [PU-3D-CNN-s7] ep   1/30  loss=1.4265  acc=54.8%  (25s)
2026-03-22 20:54:20,520    [PU-3D-CNN-s7] ep   5/30  loss=0.4250  acc=84.2%  (124s)
2026-03-22 20:56:24,054    [PU-3D-CNN-s7] ep  10/30  loss=0.2926  acc=88.8%  (247s)
2026-03-22 20:58:26,124    [PU-3D-CNN-s7] ep  15/30  loss=0.2239  acc=91.9%  (369s)
2026-03-22 21:00:21,119    [PU-3D-CNN-s7] ep  20/30  loss=0.1963  acc=93.1%  (484s)
2026-03-22 21:02:20,486    [PU-3D-CNN-s7] ep  25/30  loss=0.1685  acc=94.1%  (604s)
2026-03-22 21:04:24,024    [PU-3D-CNN-s7] ep  30/30  loss=0.1599  acc=94.5%  (727s)
2026-03-22 21:05:20,146    PU-3D-CNN-s7: OA=94.82%  AA=92.10%  kappa=93.10  AUC=99.80%  train=12.1min
2026-03-22 21:05:20,149  
--- PaviaU | seed=21 ---
2026-03-22 21:05:21,877    PaviaU | H=610 W=340 B=103 | classes=9 | train=4273 test=38503 | seed=21
2026-03-22 21:05:50,567    [PU-QHSA-N-s21] ep   1/30  loss=1.0806  acc=63.5%  (28s)
2026-03-22 21:07:43,663    [PU-QHSA-N-s21] ep   5/30  loss=0.1579  acc=94.1%  (141s)
2026-03-22 21:10:05,360    [PU-QHSA-N-s21] ep  10/30  loss=0.0486  acc=98.3%  (283s)
2026-03-22 21:12:26,441    [PU-QHSA-N-s21] ep  15/30  loss=0.0126  acc=99.7%  (424s)
2026-03-22 21:14:47,373    [PU-QHSA-N-s21] ep  20/30  loss=0.0046  acc=99.9%  (565s)
2026-03-22 21:17:09,591    [PU-QHSA-N-s21] ep  25/30  loss=0.0022  acc=99.9%  (707s)
2026-03-22 21:19:34,961    [PU-QHSA-N-s21] ep  30/30  loss=0.0018  acc=100.0%  (853s)
2026-03-22 21:20:36,224    PU-QHSA-N-s21: OA=98.82%  AA=98.16%  kappa=98.44  AUC=99.98%  train=14.2min
2026-03-22 21:21:30,566    [PU-SSRN-s21] ep   1/30  loss=0.5528  acc=80.3%  (54s)
2026-03-22 21:24:58,757    [PU-SSRN-s21] ep   5/30  loss=0.0480  acc=98.3%  (263s)
2026-03-22 21:29:13,011    [PU-SSRN-s21] ep  10/30  loss=0.0249  acc=99.1%  (517s)
2026-03-22 21:33:21,474    [PU-SSRN-s21] ep  15/30  loss=0.0079  acc=99.7%  (765s)
2026-03-22 21:37:28,203    [PU-SSRN-s21] ep  20/30  loss=0.0020  acc=99.9%  (1012s)
2026-03-22 21:41:37,020    [PU-SSRN-s21] ep  25/30  loss=0.0006  acc=100.0%  (1261s)
2026-03-22 21:45:45,601    [PU-SSRN-s21] ep  30/30  loss=0.0005  acc=100.0%  (1509s)
2026-03-22 21:48:22,074    PU-SSRN-s21: OA=99.91%  AA=99.83%  kappa=99.89  AUC=100.00%  train=25.2min
2026-03-22 21:48:47,200    [PU-3D-CNN-s21] ep   1/30  loss=1.4613  acc=51.3%  (25s)
2026-03-22 21:50:24,906    [PU-3D-CNN-s21] ep   5/30  loss=0.4154  acc=84.4%  (123s)
2026-03-22 21:52:25,733    [PU-3D-CNN-s21] ep  10/30  loss=0.2830  acc=88.8%  (244s)
2026-03-22 21:54:26,567    [PU-3D-CNN-s21] ep  15/30  loss=0.2397  acc=90.5%  (364s)
2026-03-22 21:56:27,361    [PU-3D-CNN-s21] ep  20/30  loss=0.1980  acc=92.7%  (485s)
2026-03-22 21:58:28,931    [PU-3D-CNN-s21] ep  25/30  loss=0.1883  acc=93.3%  (607s)
2026-03-22 22:00:30,989    [PU-3D-CNN-s21] ep  30/30  loss=0.1799  acc=93.5%  (729s)
2026-03-22 22:01:28,401    PU-3D-CNN-s21: OA=94.28%  AA=90.60%  kappa=92.40  AUC=99.68%  train=12.1min
2026-03-22 22:01:28,736  
Sections 1+2 results saved.
2026-03-22 22:01:28,824  
          model      dataset  seed         OA         AA      kappa  macro_auc
0           SVM       PaviaU    42  79.199460  68.616634  71.618166  97.571528
1   3D-CNN-Only       PaviaU    42  94.249201  90.626194  92.355479  99.645992
2      HybridSN       PaviaU    42  88.662043  83.545244  84.916754  99.030737
3          SSRN       PaviaU    42  99.818177  99.641893  99.758920  99.999185
4          DBDA       PaviaU    42  96.267436  93.635187  95.042293  99.833787
5      QHSA-Net       PaviaU    42  98.612951  97.898443  98.160147  99.959967
6      QHSA-Net       PaviaU    42  98.612951  97.898443  98.160147  99.959967
7      QHSA-Net  IndianPines    42  89.749702  80.856012  88.306212  99.475298
8          SSRN  IndianPines    42  98.688915  95.859621  98.505358  99.978597
9          DBDA  IndianPines    42  55.477300  34.091902  48.165137  93.129132
10  3D-CNN-Only  IndianPines    42  50.146278  27.106081  40.930079  92.891968
11     HybridSN  IndianPines    42  44.262650  22.340696  31.971415  86.263603
12          SVM  IndianPines    42  79.835302  74.517584  76.994866  98.476700
13     QHSA-Net  IndianPines     7  88.763680  79.403938  87.167332  99.407292
14         SSRN  IndianPines     7  99.078990  97.888970  98.949823  99.994466
15  3D-CNN-Only  IndianPines     7  51.045617  26.962956  40.896550  92.743811
16     QHSA-Net  IndianPines    21  90.031423  81.691274  88.628411  99.499851
17         SSRN  IndianPines    21  98.396359  97.675754  98.172244  99.990376
18  3D-CNN-Only  IndianPines    21  51.814931  26.933355  42.240257  92.417479
19     QHSA-Net      Salinas    42  97.736321  98.885231  97.480020  99.965042
20         SSRN      Salinas    42  99.956902  99.978515  99.952013  99.999990
21         DBDA      Salinas    42  87.953044  87.538258  86.519281  99.538431
22  3D-CNN-Only      Salinas    42  86.631367  85.941624  85.054923  99.332099
23     HybridSN      Salinas    42  89.547675  91.499972  88.353676  99.505287
24          SVM      Salinas    42  93.188441  96.659673  92.401204  99.663593
25     QHSA-Net      Salinas     7  97.765054  98.949699  97.511791  99.955299
26         SSRN      Salinas     7  99.975372  99.986919  99.972579  99.999999
27  3D-CNN-Only      Salinas     7  87.275787  87.931448  85.744051  99.416873
28     QHSA-Net      Salinas    21  97.582400  98.908353  97.309593  99.948935
29         SSRN      Salinas    21  99.911751  99.888715  99.901735  99.999974
30  3D-CNN-Only      Salinas    21  89.806264  91.420099  88.628727  99.513347
31     QHSA-Net       PaviaU     7  98.896190  98.191750  98.538083  99.974989
32         SSRN       PaviaU     7  99.906501  99.805778  99.876094  99.999747
33  3D-CNN-Only       PaviaU     7  94.823780  92.104252  93.100299  99.796880
34     QHSA-Net       PaviaU    21  98.820871  98.155777  98.437140  99.976452
35         SSRN       PaviaU    21  99.914292  99.830987  99.886422  99.999842
36  3D-CNN-Only       PaviaU    21  94.278368  90.595009  92.395771  99.679358
2026-03-22 22:01:28,824  
============================================================
  Section 3: Data Efficiency Experiment
============================================================
2026-03-22 22:01:28,825  
=== Data Efficiency: PaviaU ===
2026-03-22 22:01:28,825  
--- Fraction=1% ---
2026-03-22 22:01:31,386    Train samples: 423
2026-03-22 22:01:35,684    [Eff-Pa-1pct-QHSA-N] ep   1/30  loss=1.9424  acc=38.5%  (4s)
2026-03-22 22:01:47,918    [Eff-Pa-1pct-QHSA-N] ep   5/30  loss=0.9868  acc=69.0%  (16s)
2026-03-22 22:02:02,946    [Eff-Pa-1pct-QHSA-N] ep  10/30  loss=0.5219  acc=82.3%  (31s)
2026-03-22 22:02:17,864    [Eff-Pa-1pct-QHSA-N] ep  15/30  loss=0.3637  acc=86.8%  (46s)
2026-03-22 22:02:32,707    [Eff-Pa-1pct-QHSA-N] ep  20/30  loss=0.2797  acc=90.3%  (61s)
2026-03-22 22:02:47,528    [Eff-Pa-1pct-QHSA-N] ep  25/30  loss=0.2366  acc=92.2%  (76s)
2026-03-22 22:03:02,594    [Eff-Pa-1pct-QHSA-N] ep  30/30  loss=0.2110  acc=92.7%  (91s)
2026-03-22 22:04:10,191    Eff-Pa-1pct-QHSA-N: OA=85.71%  AA=78.25%  kappa=80.51  AUC=97.99%  train=1.5min
2026-03-22 22:04:15,798    [Eff-Pa-1pct-SSRN] ep   1/30  loss=1.4655  acc=53.0%  (6s)
2026-03-22 22:04:35,549    [Eff-Pa-1pct-SSRN] ep   5/30  loss=0.3516  acc=84.9%  (25s)
2026-03-22 22:05:00,410    [Eff-Pa-1pct-SSRN] ep  10/30  loss=0.1513  acc=93.4%  (50s)
2026-03-22 22:05:24,852    [Eff-Pa-1pct-SSRN] ep  15/30  loss=0.1547  acc=94.6%  (75s)
2026-03-22 22:05:49,637    [Eff-Pa-1pct-SSRN] ep  20/30  loss=0.0601  acc=98.8%  (99s)
2026-03-22 22:06:14,174    [Eff-Pa-1pct-SSRN] ep  25/30  loss=0.0385  acc=99.3%  (124s)
2026-03-22 22:06:39,291    [Eff-Pa-1pct-SSRN] ep  30/30  loss=0.0262  acc=99.3%  (149s)
2026-03-22 22:09:23,232    Eff-Pa-1pct-SSRN: OA=97.81%  AA=95.58%  kappa=97.09  AUC=99.91%  train=2.5min
2026-03-22 22:09:25,688    [Eff-Pa-1pct-3D-CNN] ep   1/30  loss=2.0342  acc=46.3%  (2s)
2026-03-22 22:09:35,535    [Eff-Pa-1pct-3D-CNN] ep   5/30  loss=1.3794  acc=50.1%  (12s)
2026-03-22 22:09:47,755    [Eff-Pa-1pct-3D-CNN] ep  10/30  loss=1.0232  acc=63.1%  (25s)
2026-03-22 22:09:59,795    [Eff-Pa-1pct-3D-CNN] ep  15/30  loss=0.7856  acc=75.9%  (37s)
2026-03-22 22:10:11,929    [Eff-Pa-1pct-3D-CNN] ep  20/30  loss=0.6670  acc=79.7%  (49s)
2026-03-22 22:10:23,907    [Eff-Pa-1pct-3D-CNN] ep  25/30  loss=0.6304  acc=79.4%  (61s)
2026-03-22 22:10:35,999    [Eff-Pa-1pct-3D-CNN] ep  30/30  loss=0.6320  acc=79.4%  (73s)
2026-03-22 22:11:36,479    Eff-Pa-1pct-3D-CNN: OA=77.96%  AA=53.88%  kappa=69.15  AUC=96.77%  train=1.2min
2026-03-22 22:11:36,480  
--- Fraction=2% ---
2026-03-22 22:11:38,162    Train samples: 849
2026-03-22 22:11:44,850    [Eff-Pa-2pct-QHSA-N] ep   1/30  loss=1.7531  acc=41.5%  (7s)
2026-03-22 22:12:08,784    [Eff-Pa-2pct-QHSA-N] ep   5/30  loss=0.5575  acc=79.7%  (30s)
2026-03-22 22:12:39,293    [Eff-Pa-2pct-QHSA-N] ep  10/30  loss=0.3475  acc=87.2%  (61s)
2026-03-22 22:13:09,334    [Eff-Pa-2pct-QHSA-N] ep  15/30  loss=0.2157  acc=93.1%  (91s)
2026-03-22 22:13:39,479    [Eff-Pa-2pct-QHSA-N] ep  20/30  loss=0.1234  acc=96.2%  (121s)
2026-03-22 22:14:09,620    [Eff-Pa-2pct-QHSA-N] ep  25/30  loss=0.0770  acc=98.2%  (151s)
2026-03-22 22:14:39,445    [Eff-Pa-2pct-QHSA-N] ep  30/30  loss=0.0625  acc=98.9%  (181s)
2026-03-22 22:15:45,254    Eff-Pa-2pct-QHSA-N: OA=92.40%  AA=89.24%  kappa=89.84  AUC=99.38%  train=3.0min
2026-03-22 22:15:55,070    [Eff-Pa-2pct-SSRN] ep   1/30  loss=1.1704  acc=61.7%  (10s)
2026-03-22 22:16:34,236    [Eff-Pa-2pct-SSRN] ep   5/30  loss=0.2217  acc=91.5%  (49s)
2026-03-22 22:17:23,861    [Eff-Pa-2pct-SSRN] ep  10/30  loss=0.1139  acc=95.3%  (99s)
2026-03-22 22:18:10,534    [Eff-Pa-2pct-SSRN] ep  15/30  loss=0.1185  acc=94.8%  (145s)
2026-03-22 22:18:56,987    [Eff-Pa-2pct-SSRN] ep  20/30  loss=0.0295  acc=98.9%  (192s)
2026-03-22 22:19:44,102    [Eff-Pa-2pct-SSRN] ep  25/30  loss=0.0310  acc=99.3%  (239s)
2026-03-22 22:20:32,258    [Eff-Pa-2pct-SSRN] ep  30/30  loss=0.0199  acc=99.6%  (287s)
2026-03-22 22:23:08,834    Eff-Pa-2pct-SSRN: OA=99.12%  AA=98.13%  kappa=98.83  AUC=99.99%  train=4.8min
2026-03-22 22:23:13,546    [Eff-Pa-2pct-3D-CNN] ep   1/30  loss=1.9169  acc=45.9%  (5s)
2026-03-22 22:23:32,194    [Eff-Pa-2pct-3D-CNN] ep   5/30  loss=1.0383  acc=61.1%  (23s)
2026-03-22 22:23:54,957    [Eff-Pa-2pct-3D-CNN] ep  10/30  loss=0.6558  acc=77.3%  (46s)
2026-03-22 22:24:17,703    [Eff-Pa-2pct-3D-CNN] ep  15/30  loss=0.5111  acc=80.4%  (69s)
2026-03-22 22:24:41,166    [Eff-Pa-2pct-3D-CNN] ep  20/30  loss=0.4895  acc=81.5%  (92s)
2026-03-22 22:25:03,712    [Eff-Pa-2pct-3D-CNN] ep  25/30  loss=0.4236  acc=84.2%  (115s)
2026-03-22 22:25:26,405    [Eff-Pa-2pct-3D-CNN] ep  30/30  loss=0.4307  acc=83.3%  (138s)
2026-03-22 22:26:21,309    Eff-Pa-2pct-3D-CNN: OA=83.61%  AA=69.75%  kappa=77.56  AUC=98.37%  train=2.3min
2026-03-22 22:26:21,312  
--- Fraction=5% ---
2026-03-22 22:26:23,600    Train samples: 2135
2026-03-22 22:26:38,690    [Eff-Pa-5pct-QHSA-N] ep   1/30  loss=1.4331  acc=54.2%  (15s)
2026-03-22 22:27:36,104    [Eff-Pa-5pct-QHSA-N] ep   5/30  loss=0.3921  acc=84.4%  (72s)
2026-03-22 22:28:45,823    [Eff-Pa-5pct-QHSA-N] ep  10/30  loss=0.1603  acc=94.3%  (142s)
2026-03-22 22:29:55,100    [Eff-Pa-5pct-QHSA-N] ep  15/30  loss=0.1018  acc=96.4%  (211s)
2026-03-22 22:31:04,518    [Eff-Pa-5pct-QHSA-N] ep  20/30  loss=0.0245  acc=99.6%  (281s)
2026-03-22 22:32:13,674    [Eff-Pa-5pct-QHSA-N] ep  25/30  loss=0.0116  acc=99.8%  (350s)
2026-03-22 22:33:22,812    [Eff-Pa-5pct-QHSA-N] ep  30/30  loss=0.0110  acc=99.9%  (419s)
2026-03-22 22:34:21,791    Eff-Pa-5pct-QHSA-N: OA=96.64%  AA=95.30%  kappa=95.54  AUC=99.86%  train=7.0min
2026-03-22 22:34:44,648    [Eff-Pa-5pct-SSRN] ep   1/30  loss=0.7161  acc=74.4%  (23s)
2026-03-22 22:36:15,750    [Eff-Pa-5pct-SSRN] ep   5/30  loss=0.1068  acc=96.1%  (114s)
2026-03-22 22:38:05,162    [Eff-Pa-5pct-SSRN] ep  10/30  loss=0.0729  acc=97.7%  (223s)
2026-03-22 22:39:53,552    [Eff-Pa-5pct-SSRN] ep  15/30  loss=0.0373  acc=98.7%  (332s)
2026-03-22 22:41:43,741    [Eff-Pa-5pct-SSRN] ep  20/30  loss=0.0059  acc=99.8%  (442s)
2026-03-22 22:43:32,951    [Eff-Pa-5pct-SSRN] ep  25/30  loss=0.0034  acc=100.0%  (551s)
2026-03-22 22:45:20,908    [Eff-Pa-5pct-SSRN] ep  30/30  loss=0.0029  acc=100.0%  (659s)
2026-03-22 22:47:38,086    Eff-Pa-5pct-SSRN: OA=99.69%  AA=99.50%  kappa=99.60  AUC=100.00%  train=11.0min
2026-03-22 22:47:48,945    [Eff-Pa-5pct-3D-CNN] ep   1/30  loss=1.6664  acc=52.1%  (11s)
2026-03-22 22:48:31,338    [Eff-Pa-5pct-3D-CNN] ep   5/30  loss=0.6091  acc=76.5%  (53s)
2026-03-22 22:49:24,542    [Eff-Pa-5pct-3D-CNN] ep  10/30  loss=0.4007  acc=85.1%  (106s)
2026-03-22 22:50:17,652    [Eff-Pa-5pct-3D-CNN] ep  15/30  loss=0.3203  acc=87.4%  (160s)
2026-03-22 22:51:10,324    [Eff-Pa-5pct-3D-CNN] ep  20/30  loss=0.2985  acc=88.8%  (212s)
2026-03-22 22:52:03,591    [Eff-Pa-5pct-3D-CNN] ep  25/30  loss=0.2776  acc=89.2%  (265s)
2026-03-22 22:52:56,427    [Eff-Pa-5pct-3D-CNN] ep  30/30  loss=0.2557  acc=90.6%  (318s)
2026-03-22 22:53:46,112    Eff-Pa-5pct-3D-CNN: OA=90.01%  AA=84.96%  kappa=86.57  AUC=99.15%  train=5.3min
2026-03-22 22:53:46,113  
--- Fraction=10% ---
2026-03-22 22:53:47,736    Train samples: 4273
2026-03-22 22:54:15,524    [Eff-Pa-10pct-QHSA-N] ep   1/30  loss=1.1161  acc=62.8%  (28s)
2026-03-22 22:56:01,316    [Eff-Pa-10pct-QHSA-N] ep   5/30  loss=0.2248  acc=91.6%  (133s)
2026-03-22 22:58:11,425    [Eff-Pa-10pct-QHSA-N] ep  10/30  loss=0.0649  acc=97.7%  (264s)
2026-03-22 23:00:21,512    [Eff-Pa-10pct-QHSA-N] ep  15/30  loss=0.0149  acc=99.6%  (394s)
2026-03-22 23:02:31,544    [Eff-Pa-10pct-QHSA-N] ep  20/30  loss=0.0055  acc=99.9%  (524s)
2026-03-22 23:04:46,184    [Eff-Pa-10pct-QHSA-N] ep  25/30  loss=0.0017  acc=100.0%  (658s)
2026-03-22 23:06:56,294    [Eff-Pa-10pct-QHSA-N] ep  30/30  loss=0.0014  acc=100.0%  (788s)
2026-03-22 23:07:48,371    Eff-Pa-10pct-QHSA-N: OA=98.78%  AA=97.95%  kappa=98.38  AUC=99.97%  train=13.1min
2026-03-22 23:08:32,803    [Eff-Pa-10pct-SSRN] ep   1/30  loss=0.5581  acc=79.3%  (44s)
2026-03-22 23:11:29,052    [Eff-Pa-10pct-SSRN] ep   5/30  loss=0.0715  acc=97.3%  (221s)
2026-03-22 23:15:09,566    [Eff-Pa-10pct-SSRN] ep  10/30  loss=0.0399  acc=98.7%  (441s)
2026-03-22 23:18:44,948    [Eff-Pa-10pct-SSRN] ep  15/30  loss=0.0025  acc=100.0%  (657s)
2026-03-22 23:22:21,846    [Eff-Pa-10pct-SSRN] ep  20/30  loss=0.0023  acc=100.0%  (873s)
2026-03-22 23:25:58,237    [Eff-Pa-10pct-SSRN] ep  25/30  loss=0.0012  acc=100.0%  (1090s)
2026-03-22 23:29:35,367    [Eff-Pa-10pct-SSRN] ep  30/30  loss=0.0007  acc=100.0%  (1307s)
2026-03-22 23:31:45,930    Eff-Pa-10pct-SSRN: OA=99.90%  AA=99.78%  kappa=99.87  AUC=100.00%  train=21.8min
2026-03-22 23:32:07,052    [Eff-Pa-10pct-3D-CNN] ep   1/30  loss=1.4255  acc=54.3%  (21s)
2026-03-22 23:33:31,272    [Eff-Pa-10pct-3D-CNN] ep   5/30  loss=0.4504  acc=82.3%  (105s)
2026-03-22 23:35:19,135    [Eff-Pa-10pct-3D-CNN] ep  10/30  loss=0.3159  acc=87.9%  (213s)
2026-03-22 23:37:05,327    [Eff-Pa-10pct-3D-CNN] ep  15/30  loss=0.2594  acc=90.1%  (319s)
2026-03-22 23:38:51,977    [Eff-Pa-10pct-3D-CNN] ep  20/30  loss=0.2133  acc=91.8%  (426s)
2026-03-22 23:40:39,492    [Eff-Pa-10pct-3D-CNN] ep  25/30  loss=0.1954  acc=92.5%  (534s)
2026-03-22 23:42:26,719    [Eff-Pa-10pct-3D-CNN] ep  30/30  loss=0.1812  acc=93.3%  (641s)
2026-03-22 23:43:16,641    Eff-Pa-10pct-3D-CNN: OA=93.43%  AA=90.13%  kappa=91.25  AUC=99.60%  train=10.7min
2026-03-22 23:43:16,644  
=== Data Efficiency: IndianPines ===
2026-03-22 23:43:16,644  
--- Fraction=1% ---
2026-03-22 23:43:17,229    Train samples: 102
2026-03-22 23:43:18,970    [Eff-In-1pct-QHSA-N] ep   1/30  loss=2.7161  acc=20.6%  (2s)
2026-03-22 23:43:24,640    [Eff-In-1pct-QHSA-N] ep   5/30  loss=2.3127  acc=34.3%  (7s)
2026-03-22 23:43:30,870    [Eff-In-1pct-QHSA-N] ep  10/30  loss=2.1179  acc=36.3%  (13s)
2026-03-22 23:43:37,149    [Eff-In-1pct-QHSA-N] ep  15/30  loss=1.9004  acc=38.2%  (20s)
2026-03-22 23:43:43,382    [Eff-In-1pct-QHSA-N] ep  20/30  loss=1.7476  acc=40.2%  (26s)
2026-03-22 23:43:49,556    [Eff-In-1pct-QHSA-N] ep  25/30  loss=1.6694  acc=45.1%  (32s)
2026-03-22 23:43:55,655    [Eff-In-1pct-QHSA-N] ep  30/30  loss=1.7244  acc=42.2%  (38s)
2026-03-22 23:44:23,169    Eff-In-1pct-QHSA-N: OA=43.42%  AA=19.68%  kappa=30.34  AUC=88.47%  train=0.6min
2026-03-22 23:44:25,244    [Eff-In-1pct-SSRN] ep   1/30  loss=3.0664  acc=15.7%  (2s)
2026-03-22 23:44:33,056    [Eff-In-1pct-SSRN] ep   5/30  loss=1.8260  acc=44.1%  (10s)
2026-03-22 23:44:42,924    [Eff-In-1pct-SSRN] ep  10/30  loss=1.0293  acc=61.8%  (20s)
2026-03-22 23:44:52,799    [Eff-In-1pct-SSRN] ep  15/30  loss=0.6511  acc=80.4%  (30s)
2026-03-22 23:45:02,767    [Eff-In-1pct-SSRN] ep  20/30  loss=0.4173  acc=92.2%  (40s)
2026-03-22 23:45:12,634    [Eff-In-1pct-SSRN] ep  25/30  loss=0.3365  acc=93.1%  (49s)
2026-03-22 23:45:22,427    [Eff-In-1pct-SSRN] ep  30/30  loss=0.3056  acc=96.1%  (59s)
2026-03-22 23:46:28,694    Eff-In-1pct-SSRN: OA=55.08%  AA=62.34%  kappa=50.25  AUC=96.41%  train=1.0min
2026-03-22 23:46:29,691    [Eff-In-1pct-3D-CNN] ep   1/30  loss=2.7654  acc=11.8%  (1s)
2026-03-22 23:46:33,575    [Eff-In-1pct-3D-CNN] ep   5/30  loss=2.5494  acc=23.5%  (5s)
2026-03-22 23:46:38,373    [Eff-In-1pct-3D-CNN] ep  10/30  loss=2.3547  acc=32.4%  (10s)
2026-03-22 23:46:43,185    [Eff-In-1pct-3D-CNN] ep  15/30  loss=2.1895  acc=29.4%  (14s)
2026-03-22 23:46:48,148    [Eff-In-1pct-3D-CNN] ep  20/30  loss=2.0903  acc=35.3%  (19s)
2026-03-22 23:46:52,869    [Eff-In-1pct-3D-CNN] ep  25/30  loss=2.0571  acc=35.3%  (24s)
2026-03-22 23:46:57,747    [Eff-In-1pct-3D-CNN] ep  30/30  loss=2.0455  acc=34.3%  (29s)
2026-03-22 23:47:22,063    Eff-In-1pct-3D-CNN: OA=36.12%  AA=12.45%  kappa=19.43  AUC=82.29%  train=0.5min
2026-03-22 23:47:22,065  
--- Fraction=2% ---
2026-03-22 23:47:22,543    Train samples: 203
2026-03-22 23:47:25,576    [Eff-In-2pct-QHSA-N] ep   1/30  loss=2.6536  acc=14.8%  (3s)
2026-03-22 23:47:35,605    [Eff-In-2pct-QHSA-N] ep   5/30  loss=2.1188  acc=36.5%  (13s)
2026-03-22 23:47:47,844    [Eff-In-2pct-QHSA-N] ep  10/30  loss=1.7448  acc=41.9%  (25s)
2026-03-22 23:48:00,358    [Eff-In-2pct-QHSA-N] ep  15/30  loss=1.5079  acc=46.3%  (38s)
2026-03-22 23:48:12,746    [Eff-In-2pct-QHSA-N] ep  20/30  loss=1.2861  acc=51.2%  (50s)
2026-03-22 23:48:25,198    [Eff-In-2pct-QHSA-N] ep  25/30  loss=1.1391  acc=63.1%  (62s)
2026-03-22 23:48:37,450    [Eff-In-2pct-QHSA-N] ep  30/30  loss=1.1131  acc=64.5%  (75s)
2026-03-22 23:49:02,781    Eff-In-2pct-QHSA-N: OA=54.28%  AA=32.76%  kappa=46.25  AUC=93.24%  train=1.2min
2026-03-22 23:49:06,674    [Eff-In-2pct-SSRN] ep   1/30  loss=3.3139  acc=17.7%  (4s)
2026-03-22 23:49:21,971    [Eff-In-2pct-SSRN] ep   5/30  loss=1.1367  acc=60.1%  (19s)
2026-03-22 23:49:41,215    [Eff-In-2pct-SSRN] ep  10/30  loss=0.6363  acc=77.3%  (38s)
2026-03-22 23:50:00,151    [Eff-In-2pct-SSRN] ep  15/30  loss=0.3383  acc=89.7%  (57s)
2026-03-22 23:50:19,172    [Eff-In-2pct-SSRN] ep  20/30  loss=0.2533  acc=94.1%  (76s)
2026-03-22 23:50:37,875    [Eff-In-2pct-SSRN] ep  25/30  loss=0.1491  acc=97.5%  (95s)
2026-03-22 23:50:57,212    [Eff-In-2pct-SSRN] ep  30/30  loss=0.1373  acc=99.0%  (114s)
2026-03-22 23:52:01,240    Eff-In-2pct-SSRN: OA=88.28%  AA=84.69%  kappa=86.69  AUC=99.34%  train=1.9min
2026-03-22 23:52:03,130    [Eff-In-2pct-3D-CNN] ep   1/30  loss=2.7547  acc=13.8%  (2s)
2026-03-22 23:52:10,745    [Eff-In-2pct-3D-CNN] ep   5/30  loss=2.3793  acc=31.0%  (9s)
2026-03-22 23:52:20,619    [Eff-In-2pct-3D-CNN] ep  10/30  loss=2.0133  acc=36.0%  (19s)
2026-03-22 23:52:30,312    [Eff-In-2pct-3D-CNN] ep  15/30  loss=1.8404  acc=36.5%  (29s)
2026-03-22 23:52:39,923    [Eff-In-2pct-3D-CNN] ep  20/30  loss=1.8192  acc=36.5%  (39s)
2026-03-22 23:52:49,636    [Eff-In-2pct-3D-CNN] ep  25/30  loss=1.7728  acc=36.5%  (48s)
2026-03-22 23:52:59,311    [Eff-In-2pct-3D-CNN] ep  30/30  loss=1.7965  acc=36.5%  (58s)
2026-03-22 23:53:23,483    Eff-In-2pct-3D-CNN: OA=36.15%  AA=12.46%  kappa=19.36  AUC=85.47%  train=1.0min
2026-03-22 23:53:23,484  
--- Fraction=5% ---
2026-03-22 23:53:23,926    Train samples: 507
2026-03-22 23:53:30,212    [Eff-In-5pct-QHSA-N] ep   1/30  loss=2.5484  acc=26.4%  (6s)
2026-03-22 23:53:54,067    [Eff-In-5pct-QHSA-N] ep   5/30  loss=1.7291  acc=39.8%  (30s)
2026-03-22 23:54:23,743    [Eff-In-5pct-QHSA-N] ep  10/30  loss=1.2505  acc=53.6%  (60s)
2026-03-22 23:54:53,504    [Eff-In-5pct-QHSA-N] ep  15/30  loss=0.8594  acc=69.8%  (89s)
2026-03-22 23:55:23,022    [Eff-In-5pct-QHSA-N] ep  20/30  loss=0.5794  acc=82.2%  (119s)
2026-03-22 23:55:53,302    [Eff-In-5pct-QHSA-N] ep  25/30  loss=0.4132  acc=88.6%  (149s)
2026-03-22 23:56:23,362    [Eff-In-5pct-QHSA-N] ep  30/30  loss=0.3587  acc=91.3%  (179s)
2026-03-22 23:56:48,442    Eff-In-5pct-QHSA-N: OA=73.92%  AA=53.91%  kappa=70.08  AUC=97.83%  train=3.0min
2026-03-22 23:56:58,164    [Eff-In-5pct-SSRN] ep   1/30  loss=2.7163  acc=31.2%  (10s)
2026-03-22 23:57:37,006    [Eff-In-5pct-SSRN] ep   5/30  loss=0.7487  acc=70.8%  (49s)
2026-03-22 23:58:24,843    [Eff-In-5pct-SSRN] ep  10/30  loss=0.2372  acc=91.7%  (96s)
2026-03-22 23:59:13,323    [Eff-In-5pct-SSRN] ep  15/30  loss=0.0522  acc=99.2%  (145s)
2026-03-23 00:00:01,253    [Eff-In-5pct-SSRN] ep  20/30  loss=0.0222  acc=99.8%  (193s)
2026-03-23 00:00:49,931    [Eff-In-5pct-SSRN] ep  25/30  loss=0.0131  acc=100.0%  (241s)
2026-03-23 00:01:38,137    [Eff-In-5pct-SSRN] ep  30/30  loss=0.0154  acc=100.0%  (290s)
2026-03-23 00:02:39,718    Eff-In-5pct-SSRN: OA=96.64%  AA=94.23%  kappa=96.18  AUC=99.92%  train=4.8min
2026-03-23 00:02:44,575    [Eff-In-5pct-3D-CNN] ep   1/30  loss=2.6802  acc=19.3%  (5s)
2026-03-23 00:03:03,644    [Eff-In-5pct-3D-CNN] ep   5/30  loss=1.9333  acc=36.3%  (24s)
2026-03-23 00:03:30,309    [Eff-In-5pct-3D-CNN] ep  10/30  loss=1.7184  acc=37.9%  (51s)
2026-03-23 00:03:55,459    [Eff-In-5pct-3D-CNN] ep  15/30  loss=1.6183  acc=40.2%  (76s)
2026-03-23 00:04:19,138    [Eff-In-5pct-3D-CNN] ep  20/30  loss=1.5709  acc=42.6%  (99s)
2026-03-23 00:04:43,096    [Eff-In-5pct-3D-CNN] ep  25/30  loss=1.5452  acc=42.6%  (123s)
2026-03-23 00:05:07,066    [Eff-In-5pct-3D-CNN] ep  30/30  loss=1.5263  acc=43.4%  (147s)
2026-03-23 00:05:30,755    Eff-In-5pct-3D-CNN: OA=43.04%  AA=18.65%  kappa=30.24  AUC=90.17%  train=2.5min
2026-03-23 00:05:30,755  
--- Fraction=10% ---
2026-03-23 00:05:31,229    Train samples: 1018
2026-03-23 00:05:43,336    [Eff-In-10pct-QHSA-N] ep   1/30  loss=2.3619  acc=28.9%  (12s)
2026-03-23 00:06:30,717    [Eff-In-10pct-QHSA-N] ep   5/30  loss=1.3908  acc=50.5%  (59s)
2026-03-23 00:07:30,834    [Eff-In-10pct-QHSA-N] ep  10/30  loss=0.8150  acc=70.9%  (119s)
2026-03-23 00:08:30,275    [Eff-In-10pct-QHSA-N] ep  15/30  loss=0.3967  acc=86.3%  (179s)
2026-03-23 00:09:29,872    [Eff-In-10pct-QHSA-N] ep  20/30  loss=0.1796  acc=95.2%  (238s)
2026-03-23 00:10:29,212    [Eff-In-10pct-QHSA-N] ep  25/30  loss=0.1013  acc=97.8%  (298s)
2026-03-23 00:11:28,710    [Eff-In-10pct-QHSA-N] ep  30/30  loss=0.0912  acc=98.4%  (357s)
2026-03-23 00:11:52,714    Eff-In-10pct-QHSA-N: OA=89.17%  AA=81.00%  kappa=87.63  AUC=99.36%  train=6.0min
2026-03-23 00:12:11,770    [Eff-In-10pct-SSRN] ep   1/30  loss=2.1737  acc=38.8%  (19s)
2026-03-23 00:13:28,525    [Eff-In-10pct-SSRN] ep   5/30  loss=0.3298  acc=89.1%  (96s)
2026-03-23 00:15:04,756    [Eff-In-10pct-SSRN] ep  10/30  loss=0.0561  acc=98.7%  (192s)
2026-03-23 00:16:41,868    [Eff-In-10pct-SSRN] ep  15/30  loss=0.0150  acc=99.9%  (289s)
2026-03-23 00:18:18,778    [Eff-In-10pct-SSRN] ep  20/30  loss=0.0075  acc=100.0%  (386s)
2026-03-23 00:19:56,192    [Eff-In-10pct-SSRN] ep  25/30  loss=0.0048  acc=100.0%  (483s)
2026-03-23 00:21:36,030    [Eff-In-10pct-SSRN] ep  30/30  loss=0.0032  acc=100.0%  (583s)
2026-03-23 00:22:35,044    Eff-In-10pct-SSRN: OA=98.60%  AA=95.30%  kappa=98.41  AUC=99.99%  train=9.7min
2026-03-23 00:22:45,204    [Eff-In-10pct-3D-CNN] ep   1/30  loss=2.5879  acc=23.5%  (10s)
2026-03-23 00:23:24,389    [Eff-In-10pct-3D-CNN] ep   5/30  loss=1.7298  acc=37.2%  (49s)
2026-03-23 00:24:12,336    [Eff-In-10pct-3D-CNN] ep  10/30  loss=1.5485  acc=42.0%  (97s)
2026-03-23 00:25:00,989    [Eff-In-10pct-3D-CNN] ep  15/30  loss=1.4234  acc=47.2%  (146s)
2026-03-23 00:25:48,630    [Eff-In-10pct-3D-CNN] ep  20/30  loss=1.3710  acc=49.9%  (194s)
2026-03-23 00:26:37,578    [Eff-In-10pct-3D-CNN] ep  25/30  loss=1.3351  acc=49.0%  (243s)
2026-03-23 00:27:26,450    [Eff-In-10pct-3D-CNN] ep  30/30  loss=1.3277  acc=50.2%  (291s)
2026-03-23 00:27:48,631    Eff-In-10pct-3D-CNN: OA=50.07%  AA=26.86%  kappa=40.73  AUC=92.20%  train=4.9min
2026-03-23 00:27:48,632  
=== Data Efficiency: Salinas ===
2026-03-23 00:27:48,632  
--- Fraction=1% ---
2026-03-23 00:27:54,272    Train samples: 533
2026-03-23 00:28:02,645    [Eff-Sa-1pct-QHSA-N] ep   1/30  loss=2.6126  acc=21.2%  (8s)
2026-03-23 00:28:28,368    [Eff-Sa-1pct-QHSA-N] ep   5/30  loss=1.2250  acc=52.9%  (34s)
2026-03-23 00:29:00,422    [Eff-Sa-1pct-QHSA-N] ep  10/30  loss=0.6293  acc=74.1%  (66s)
2026-03-23 00:29:32,354    [Eff-Sa-1pct-QHSA-N] ep  15/30  loss=0.4456  acc=81.2%  (98s)
2026-03-23 00:30:04,422    [Eff-Sa-1pct-QHSA-N] ep  20/30  loss=0.3732  acc=87.1%  (130s)
2026-03-23 00:30:36,187    [Eff-Sa-1pct-QHSA-N] ep  25/30  loss=0.3049  acc=89.1%  (161s)
2026-03-23 00:31:08,315    [Eff-Sa-1pct-QHSA-N] ep  30/30  loss=0.2746  acc=89.5%  (193s)
2026-03-23 00:33:28,525    Eff-Sa-1pct-QHSA-N: OA=89.25%  AA=92.66%  kappa=88.00  AUC=99.50%  train=3.2min
2026-03-23 00:33:39,585    [Eff-Sa-1pct-SSRN] ep   1/30  loss=2.1245  acc=37.3%  (11s)
2026-03-23 00:34:21,346    [Eff-Sa-1pct-SSRN] ep   5/30  loss=0.6350  acc=77.3%  (53s)
2026-03-23 00:35:13,379    [Eff-Sa-1pct-SSRN] ep  10/30  loss=0.3184  acc=87.2%  (105s)
2026-03-23 00:36:04,638    [Eff-Sa-1pct-SSRN] ep  15/30  loss=0.1796  acc=93.4%  (156s)
2026-03-23 00:36:56,668    [Eff-Sa-1pct-SSRN] ep  20/30  loss=0.1297  acc=95.5%  (208s)
2026-03-23 00:37:48,048    [Eff-Sa-1pct-SSRN] ep  25/30  loss=0.1119  acc=96.4%  (260s)
2026-03-23 00:38:40,481    [Eff-Sa-1pct-SSRN] ep  30/30  loss=0.0909  acc=97.6%  (312s)
2026-03-23 00:44:37,984    Eff-Sa-1pct-SSRN: OA=96.02%  AA=97.59%  kappa=95.58  AUC=99.91%  train=5.2min
2026-03-23 00:44:43,509    [Eff-Sa-1pct-3D-CNN] ep   1/30  loss=2.7031  acc=17.1%  (6s)
2026-03-23 00:45:04,812    [Eff-Sa-1pct-3D-CNN] ep   5/30  loss=1.9515  acc=38.1%  (27s)
2026-03-23 00:45:31,084    [Eff-Sa-1pct-3D-CNN] ep  10/30  loss=1.4550  acc=48.6%  (53s)
2026-03-23 00:45:57,860    [Eff-Sa-1pct-3D-CNN] ep  15/30  loss=1.2490  acc=52.5%  (80s)
2026-03-23 00:46:24,466    [Eff-Sa-1pct-3D-CNN] ep  20/30  loss=1.1319  acc=55.7%  (106s)
2026-03-23 00:46:50,699    [Eff-Sa-1pct-3D-CNN] ep  25/30  loss=1.1054  acc=55.3%  (133s)
2026-03-23 00:47:17,771    [Eff-Sa-1pct-3D-CNN] ep  30/30  loss=1.0739  acc=55.7%  (160s)
2026-03-23 00:49:29,845    Eff-Sa-1pct-3D-CNN: OA=58.03%  AA=37.80%  kappa=51.67  AUC=97.39%  train=2.7min
2026-03-23 00:49:29,847  
--- Fraction=2% ---
2026-03-23 00:49:35,747    Train samples: 1076
2026-03-23 00:49:50,850    [Eff-Sa-2pct-QHSA-N] ep   1/30  loss=2.4488  acc=25.7%  (15s)
2026-03-23 00:50:43,222    [Eff-Sa-2pct-QHSA-N] ep   5/30  loss=0.7252  acc=68.1%  (67s)
2026-03-23 00:51:48,212    [Eff-Sa-2pct-QHSA-N] ep  10/30  loss=0.3837  acc=83.6%  (132s)
2026-03-23 00:52:52,438    [Eff-Sa-2pct-QHSA-N] ep  15/30  loss=0.2626  acc=88.5%  (196s)
2026-03-23 00:53:57,118    [Eff-Sa-2pct-QHSA-N] ep  20/30  loss=0.2332  acc=89.9%  (261s)
2026-03-23 00:55:02,335    [Eff-Sa-2pct-QHSA-N] ep  25/30  loss=0.1792  acc=93.1%  (326s)
2026-03-23 00:56:06,849    [Eff-Sa-2pct-QHSA-N] ep  30/30  loss=0.1694  acc=93.4%  (391s)
2026-03-23 00:58:28,910    Eff-Sa-2pct-QHSA-N: OA=92.87%  AA=96.41%  kappa=92.07  AUC=99.72%  train=6.5min
2026-03-23 00:58:50,157    [Eff-Sa-2pct-SSRN] ep   1/30  loss=1.2822  acc=54.0%  (21s)
2026-03-23 01:00:14,077    [Eff-Sa-2pct-SSRN] ep   5/30  loss=0.4319  acc=81.5%  (105s)
2026-03-23 01:01:58,280    [Eff-Sa-2pct-SSRN] ep  10/30  loss=0.1545  acc=94.2%  (209s)
2026-03-23 01:03:47,433    [Eff-Sa-2pct-SSRN] ep  15/30  loss=0.0914  acc=96.5%  (319s)
2026-03-23 01:05:32,597    [Eff-Sa-2pct-SSRN] ep  20/30  loss=0.0584  acc=97.7%  (424s)
2026-03-23 01:07:17,328    [Eff-Sa-2pct-SSRN] ep  25/30  loss=0.0470  acc=98.3%  (528s)
2026-03-23 01:09:01,384    [Eff-Sa-2pct-SSRN] ep  30/30  loss=0.0417  acc=98.9%  (632s)
2026-03-23 01:14:49,033    Eff-Sa-2pct-SSRN: OA=98.25%  AA=99.17%  kappa=98.05  AUC=99.97%  train=10.5min
2026-03-23 01:15:00,247    [Eff-Sa-2pct-3D-CNN] ep   1/30  loss=2.6211  acc=26.3%  (11s)
2026-03-23 01:15:42,908    [Eff-Sa-2pct-3D-CNN] ep   5/30  loss=1.4940  acc=48.0%  (54s)
2026-03-23 01:16:35,495    [Eff-Sa-2pct-3D-CNN] ep  10/30  loss=1.0368  acc=58.1%  (106s)
2026-03-23 01:17:28,455    [Eff-Sa-2pct-3D-CNN] ep  15/30  loss=0.8844  acc=62.6%  (159s)
2026-03-23 01:18:21,114    [Eff-Sa-2pct-3D-CNN] ep  20/30  loss=0.7911  acc=67.9%  (212s)
2026-03-23 01:19:12,916    [Eff-Sa-2pct-3D-CNN] ep  25/30  loss=0.7745  acc=68.0%  (264s)
2026-03-23 01:20:05,689    [Eff-Sa-2pct-3D-CNN] ep  30/30  loss=0.7612  acc=68.6%  (317s)
2026-03-23 01:22:16,371    Eff-Sa-2pct-3D-CNN: OA=68.97%  AA=60.44%  kappa=64.78  AUC=98.55%  train=5.3min
2026-03-23 01:22:16,373  
--- Fraction=5% ---
2026-03-23 01:22:23,744    Train samples: 2697
2026-03-23 01:22:58,376    [Eff-Sa-5pct-QHSA-N] ep   1/30  loss=1.8574  acc=38.9%  (34s)
2026-03-23 01:25:08,842    [Eff-Sa-5pct-QHSA-N] ep   5/30  loss=0.3685  acc=83.8%  (165s)
2026-03-23 01:27:50,170    [Eff-Sa-5pct-QHSA-N] ep  10/30  loss=0.2281  acc=90.1%  (326s)
2026-03-23 01:30:31,028    [Eff-Sa-5pct-QHSA-N] ep  15/30  loss=0.1697  acc=93.1%  (487s)
2026-03-23 01:33:12,007    [Eff-Sa-5pct-QHSA-N] ep  20/30  loss=0.1807  acc=93.1%  (648s)
2026-03-23 01:35:51,748    [Eff-Sa-5pct-QHSA-N] ep  25/30  loss=0.0959  acc=96.1%  (808s)
2026-03-23 01:38:31,876    [Eff-Sa-5pct-QHSA-N] ep  30/30  loss=0.0847  acc=97.0%  (968s)
2026-03-23 01:40:47,577    Eff-Sa-5pct-QHSA-N: OA=96.29%  AA=98.14%  kappa=95.87  AUC=99.90%  train=16.1min
2026-03-23 01:41:40,012    [Eff-Sa-5pct-SSRN] ep   1/30  loss=1.0135  acc=65.4%  (52s)
2026-03-23 01:45:09,437    [Eff-Sa-5pct-SSRN] ep   5/30  loss=0.2836  acc=90.2%  (262s)
2026-03-23 01:49:30,457    [Eff-Sa-5pct-SSRN] ep  10/30  loss=0.1113  acc=95.8%  (523s)
2026-03-23 01:53:50,740    [Eff-Sa-5pct-SSRN] ep  15/30  loss=0.0546  acc=97.8%  (783s)
2026-03-23 01:58:14,142    [Eff-Sa-5pct-SSRN] ep  20/30  loss=0.0275  acc=99.3%  (1047s)
2026-03-23 02:02:35,527    [Eff-Sa-5pct-SSRN] ep  25/30  loss=0.0306  acc=98.8%  (1308s)
2026-03-23 02:07:02,874    [Eff-Sa-5pct-SSRN] ep  30/30  loss=0.0258  acc=99.0%  (1575s)
2026-03-23 02:12:45,381    Eff-Sa-5pct-SSRN: OA=99.20%  AA=99.59%  kappa=99.11  AUC=99.99%  train=26.3min
2026-03-23 02:13:12,243    [Eff-Sa-5pct-3D-CNN] ep   1/30  loss=2.3606  acc=32.7%  (27s)
2026-03-23 02:14:58,228    [Eff-Sa-5pct-3D-CNN] ep   5/30  loss=0.9577  acc=61.1%  (133s)
2026-03-23 02:17:09,507    [Eff-Sa-5pct-3D-CNN] ep  10/30  loss=0.7050  acc=68.3%  (264s)
2026-03-23 02:19:21,458    [Eff-Sa-5pct-3D-CNN] ep  15/30  loss=0.6099  acc=72.9%  (396s)
2026-03-23 02:21:34,507    [Eff-Sa-5pct-3D-CNN] ep  20/30  loss=0.5544  acc=75.9%  (529s)
2026-03-23 02:23:47,572    [Eff-Sa-5pct-3D-CNN] ep  25/30  loss=0.5376  acc=77.2%  (662s)
2026-03-23 02:25:59,834    [Eff-Sa-5pct-3D-CNN] ep  30/30  loss=0.5397  acc=76.7%  (794s)
2026-03-23 02:28:05,975    Eff-Sa-5pct-3D-CNN: OA=80.16%  AA=80.12%  kappa=77.68  AUC=98.99%  train=13.2min
2026-03-23 02:28:05,977  
--- Fraction=10% ---
2026-03-23 02:28:13,162    Train samples: 5403
2026-03-23 02:29:19,842    [Eff-Sa-10pct-QHSA-N] ep   1/30  loss=1.3285  acc=53.7%  (66s)
2026-03-23 02:33:34,922    [Eff-Sa-10pct-QHSA-N] ep   5/30  loss=0.2345  acc=90.5%  (321s)
2026-03-23 02:38:50,188    [Eff-Sa-10pct-QHSA-N] ep  10/30  loss=0.1456  acc=94.2%  (637s)
2026-03-23 02:44:06,300    [Eff-Sa-10pct-QHSA-N] ep  15/30  loss=0.1010  acc=96.0%  (953s)
2026-03-23 02:49:23,461    [Eff-Sa-10pct-QHSA-N] ep  20/30  loss=0.0616  acc=97.7%  (1270s)
2026-03-23 02:54:40,031    [Eff-Sa-10pct-QHSA-N] ep  25/30  loss=0.0508  acc=98.2%  (1586s)
2026-03-23 02:59:56,778    [Eff-Sa-10pct-QHSA-N] ep  30/30  loss=0.0417  acc=98.5%  (1903s)
2026-03-23 03:02:04,717    Eff-Sa-10pct-QHSA-N: OA=97.74%  AA=98.89%  kappa=97.48  AUC=99.97%  train=31.7min
2026-03-23 03:03:52,550    [Eff-Sa-10pct-SSRN] ep   1/30  loss=0.7456  acc=72.4%  (108s)
2026-03-23 03:10:49,629    [Eff-Sa-10pct-SSRN] ep   5/30  loss=0.1675  acc=93.7%  (525s)
2026-03-23 03:19:33,622    [Eff-Sa-10pct-SSRN] ep  10/30  loss=0.0763  acc=97.5%  (1049s)
2026-03-23 03:28:18,294    [Eff-Sa-10pct-SSRN] ep  15/30  loss=0.0458  acc=98.4%  (1574s)
2026-03-23 03:37:10,169    [Eff-Sa-10pct-SSRN] ep  20/30  loss=0.0269  acc=98.9%  (2105s)
2026-03-23 03:46:04,275    [Eff-Sa-10pct-SSRN] ep  25/30  loss=0.0094  acc=99.8%  (2640s)
2026-03-23 03:54:53,877    [Eff-Sa-10pct-SSRN] ep  30/30  loss=0.0083  acc=99.7%  (3169s)
2026-03-23 04:00:26,982    Eff-Sa-10pct-SSRN: OA=99.96%  AA=99.98%  kappa=99.95  AUC=100.00%  train=52.8min
2026-03-23 04:01:23,604    [Eff-Sa-10pct-3D-CNN] ep   1/30  loss=1.9937  acc=38.0%  (57s)
2026-03-23 04:04:58,113    [Eff-Sa-10pct-3D-CNN] ep   5/30  loss=0.7125  acc=68.5%  (271s)
2026-03-23 04:09:17,434    [Eff-Sa-10pct-3D-CNN] ep  10/30  loss=0.5748  acc=74.5%  (530s)
2026-03-23 04:13:36,482    [Eff-Sa-10pct-3D-CNN] ep  15/30  loss=0.5040  acc=77.8%  (789s)
2026-03-23 04:17:57,582    [Eff-Sa-10pct-3D-CNN] ep  20/30  loss=0.4547  acc=80.4%  (1051s)
2026-03-23 04:22:19,295    [Eff-Sa-10pct-3D-CNN] ep  25/30  loss=0.4433  acc=80.5%  (1312s)
2026-03-23 04:26:42,829    [Eff-Sa-10pct-3D-CNN] ep  30/30  loss=0.4250  acc=81.4%  (1576s)
2026-03-23 04:28:53,599    Eff-Sa-10pct-3D-CNN: OA=86.63%  AA=85.94%  kappa=85.05  AUC=99.33%  train=26.3min
2026-03-23 04:28:53,689  
Section 3 results saved.
2026-03-23 04:28:53,718  
          model      dataset  fraction         OA
0      QHSA-Net       PaviaU      0.01  85.708214
1          SSRN       PaviaU      0.01  97.811253
2   3D-CNN-Only       PaviaU      0.01  77.963781
3      QHSA-Net       PaviaU      0.02  92.396308
4          SSRN       PaviaU      0.02  99.119899
5   3D-CNN-Only       PaviaU      0.02  83.614377
6      QHSA-Net       PaviaU      0.05  96.641323
7          SSRN       PaviaU      0.05  99.694889
8   3D-CNN-Only       PaviaU      0.05  90.007628
9      QHSA-Net       PaviaU      0.10  98.776719
10         SSRN       PaviaU      0.10  99.898709
11  3D-CNN-Only       PaviaU      0.10  93.431681
12     QHSA-Net  IndianPines      0.01  43.421701
13         SSRN  IndianPines      0.01  55.080319
14  3D-CNN-Only  IndianPines      0.01  36.119050
15     QHSA-Net  IndianPines      0.02  54.280311
16         SSRN  IndianPines      0.02  88.283894
17  3D-CNN-Only  IndianPines      0.02  36.153693
18     QHSA-Net  IndianPines      0.05  73.917060
19         SSRN  IndianPines      0.05  96.643400
20  3D-CNN-Only  IndianPines      0.05  43.040443
21     QHSA-Net  IndianPines      0.10  89.166937
22         SSRN  IndianPines      0.10  98.602535
23  3D-CNN-Only  IndianPines      0.10  50.070415
24     QHSA-Net      Salinas      0.01  89.249198
25         SSRN      Salinas      0.01  96.023957
26  3D-CNN-Only      Salinas      0.01  58.030450
27     QHSA-Net      Salinas      0.02  92.873165
28         SSRN      Salinas      0.02  98.250806
29  3D-CNN-Only      Salinas      0.02  68.974422
30     QHSA-Net      Salinas      0.05  96.292192
31         SSRN      Salinas      0.05  99.196998
32  3D-CNN-Only      Salinas      0.05  80.162156
33     QHSA-Net      Salinas      0.10  97.736321
34         SSRN      Salinas      0.10  99.956902
35  3D-CNN-Only      Salinas      0.10  86.631367
2026-03-23 04:28:53,718  
============================================================
  Section 4: Generating Figures
============================================================
2026-03-23 04:28:55,191    Saved: fig_paper_cross_dataset_oa.png
2026-03-23 04:28:55,680    Saved: fig_paper_multi_seed.png
2026-03-23 04:28:55,931    Saved: fig_paper_oa_heatmap.png
2026-03-23 04:28:56,274    Saved: fig_paper_data_efficiency.png
2026-03-23 04:28:58,015    Saved: fig_paper_training_stability.png
2026-03-23 04:28:58,319    Saved: fig_paper_cross_dataset_kappa.png
2026-03-23 04:28:58,771    Saved: fig_paper_multi_seed_kappa.png
2026-03-23 04:28:59,075    LaTeX table saved: paper_latex_table.tex
2026-03-23 04:28:59,075  
============================================================
2026-03-23 04:28:59,075    ALL DONE
2026-03-23 04:28:59,075  ============================================================
2026-03-23 04:28:59,075  
Output files:
2026-03-23 04:28:59,075    paper_eval_results.csv      — all model × dataset × seed results
2026-03-23 04:28:59,075    paper_training_curves.csv   — per-epoch data for stability plots
2026-03-23 04:28:59,075    paper_data_efficiency.csv   — data efficiency experiment
2026-03-23 04:28:59,075    paper_summary_stats.csv     — mean ± std summary table
2026-03-23 04:28:59,075    paper_latex_table.tex       — LaTeX table for paper
2026-03-23 04:28:59,075    fig_paper_cross_dataset_oa.png
2026-03-23 04:28:59,075    fig_paper_multi_seed.png
2026-03-23 04:28:59,075    fig_paper_oa_heatmap.png
2026-03-23 04:28:59,075    fig_paper_data_efficiency.png
2026-03-23 04:28:59,075    fig_paper_training_stability.png
2026-03-23 04:28:59,075    fig_paper_cross_dataset_kappa.png
2026-03-23 04:28:59,075    fig_paper_multi_seed_kappa.png
